<?xml version="1.0" encoding="UTF-8"?>
<!-- Generated by org.testng.reporters.JUnitReportReporter -->
<testsuite hostname="WIN-AEE4QQFEOGF" name="com.youceedu.interf.test.TestRun1" tests="1" failures="0" timestamp="17 May 2021 12:17:14 GMT" time="0.018" errors="0">
  <testcase name="httpReq" time="0.018" classname="com.youceedu.interf.test.TestRun1"/>
</testsuite> <!-- com.youceedu.interf.test.TestRun1 -->
